<?xml version="1.0" encoding="UTF-8"?>
<!-- Generated by org.testng.reporters.JUnitReportReporter -->
<testsuite hostname="SAURABH" failures="0" tests="1" name="NewRestAssuredProject.Batch1RestAssured.AppTest" time="0.007" errors="0" timestamp="2024-04-29T17:45:46 IST" skipped="0">
  <testcase classname="NewRestAssuredProject.Batch1RestAssured.AppTest" name="shouldAnswerWithTrue" time="0.007"/>
  <system-out/>
</testsuite> <!-- NewRestAssuredProject.Batch1RestAssured.AppTest -->
